#
# There is insufficient memory for the Java Runtime Environment to continue.
# Native memory allocation (mmap) failed to map 257949696 bytes for Failed to commit area from 0x000000070a000000 to 0x0000000719600000 of length 257949696.
# Possible reasons:
#   The system is out of physical RAM or swap space
#   The process is running with CompressedOops enabled, and the Java Heap may be blocking the growth of the native heap
# Possible solutions:
#   Reduce memory load on the system
#   Increase physical memory or swap space
#   Check if swap backing store is full
#   Decrease Java heap size (-Xmx/-Xms)
#   Decrease number of Java threads
#   Decrease Java thread stack sizes (-Xss)
#   Set larger code cache with -XX:ReservedCodeCacheSize=
# This output file may be truncated or incomplete.
#
#  Out of Memory Error (src/hotspot/os/windows/os_windows.cpp:3627), pid=14844, tid=6752
#
# JRE version:  (11.0.15) (build )
# Java VM: OpenJDK 64-Bit Server VM (11.0.15+0-b2043.56-9505619, mixed mode, sharing, tiered, compressed oops, g1 gc, windows-amd64)
# No core dump will be written. Minidumps are not enabled by default on client versions of Windows
#

---------------  S U M M A R Y ------------

Command Line: git4idea.http.GitAskPassApp Username for 'https://gitlab.com': 

Host: AMD Ryzen 5 4600H with Radeon Graphics         , 12 cores, 15G,  Windows 10 , 64 bit Build 19041 (10.0.19041.1889)
Time: Thu May 11 02:34:14 2023 Hora est. Sudamérica Pacífico elapsed time: 0.007903 seconds (0d 0h 0m 0s)

---------------  T H R E A D  ---------------

Current thread (0x0000024af6a02800):  JavaThread "Unknown thread" [_thread_in_vm, id=6752, stack(0x0000008001400000,0x0000008001500000)]

Stack: [0x0000008001400000,0x0000008001500000]
Native frames: (J=compiled Java code, j=interpreted, Vv=VM code, C=native code)
V  [jvm.dll+0x64135a]
V  [jvm.dll+0x7d39f9]
V  [jvm.dll+0x7d51b9]
V  [jvm.dll+0x7d58a3]
V  [jvm.dll+0x2691c5]
V  [jvm.dll+0x63e4e9]
V  [jvm.dll+0x632985]
V  [jvm.dll+0x3231ac]
V  [jvm.dll+0x323032]
V  [jvm.dll+0x327c06]
V  [jvm.dll+0x36ffa2]
V  [jvm.dll+0x36fa01]
V  [jvm.dll+0x2fea28]
V  [jvm.dll+0x2ffb25]
V  [jvm.dll+0x7accd7]
V  [jvm.dll+0x7ae49f]
V  [jvm.dll+0x37d299]
V  [jvm.dll+0x78ef9f]
V  [jvm.dll+0x3ec847]
V  [jvm.dll+0x3eed31]
C  [jli.dll+0x52cb]
C  [ucrtbase.dll+0x21bb2]
C  [KERNEL32.DLL+0x17034]
C  [ntdll.dll+0x526a1]


---------------  P R O C E S S  ---------------

Threads class SMR info:
_java_thread_list=0x0000024af6740490, length=0, elements={
}

Java Threads: ( => current thread )

Other Threads:
  0x0000024af6a1c800 GCTaskThread "GC Thread#0" [stack: 0x0000008001500000,0x0000008001600000] [id=14188]
  0x0000024af6a77000 ConcurrentGCThread "G1 Main Marker" [stack: 0x0000008001600000,0x0000008001700000] [id=12004]
  0x0000024af6a78800 ConcurrentGCThread "G1 Conc#0" [stack: 0x0000008001700000,0x0000008001800000] [id=13384]

[error occurred during error reporting (printing all threads), id 0xc0000005, EXCEPTION_ACCESS_VIOLATION (0xc0000005) at pc=0x00007ffdafcef3e7]

VM state:not at safepoint (not fully initialized)

VM Mutex/Monitor currently owned by a thread:  ([mutex/lock_event])
[0x0000024af6a00720] Heap_lock - owner thread: 0x0000024af6a02800

Heap address: 0x000000070a000000, size: 3936 MB, Compressed Oops mode: Non-zero based: 0x000000070a000000
Narrow klass base: 0x0000000000000000, Narrow klass shift: 0

GC Heap History (0 events):
No events

Deoptimization events (0 events):
No events

Classes redefined (0 events):
No events

Internal exceptions (0 events):
No events

Events (1 events):
Event: 0.004 Loaded shared library C:\Program Files\Android\Android Studio\jbr\bin\zip.dll


Dynamic libraries:
0x00007ff638260000 - 0x00007ff63826a000 	C:\Program Files\Android\Android Studio\jbr\bin\java.exe
0x00007ffe2de10000 - 0x00007ffe2e008000 	C:\Windows\SYSTEM32\ntdll.dll
0x00007ffe2d690000 - 0x00007ffe2d74d000 	C:\Windows\System32\KERNEL32.DLL
0x00007ffe2b910000 - 0x00007ffe2bbde000 	C:\Windows\System32\KERNELBASE.dll
0x00007ffe2bd20000 - 0x00007ffe2be20000 	C:\Windows\System32\ucrtbase.dll
0x00007ffe23c90000 - 0x00007ffe23ca7000 	C:\Program Files\Android\Android Studio\jbr\bin\jli.dll
0x00007ffe23c10000 - 0x00007ffe23c2b000 	C:\Program Files\Android\Android Studio\jbr\bin\VCRUNTIME140.dll
0x00007ffe2bf20000 - 0x00007ffe2c0c0000 	C:\Windows\System32\USER32.dll
0x00007ffe2bcf0000 - 0x00007ffe2bd12000 	C:\Windows\System32\win32u.dll
0x00007ffe16b60000 - 0x00007ffe16dfa000 	C:\Windows\WinSxS\amd64_microsoft.windows.common-controls_6595b64144ccf1df_6.0.19041.1110_none_60b5254171f9507e\COMCTL32.dll
0x00007ffe2c170000 - 0x00007ffe2c19a000 	C:\Windows\System32\GDI32.dll
0x00007ffe2d9a0000 - 0x00007ffe2da3e000 	C:\Windows\System32\msvcrt.dll
0x00007ffe2bbe0000 - 0x00007ffe2bceb000 	C:\Windows\System32\gdi32full.dll
0x00007ffe2b870000 - 0x00007ffe2b90d000 	C:\Windows\System32\msvcp_win.dll
0x00007ffe2cb10000 - 0x00007ffe2cb40000 	C:\Windows\System32\IMM32.DLL
0x00007ffe237d0000 - 0x00007ffe237dc000 	C:\Program Files\Android\Android Studio\jbr\bin\vcruntime140_1.dll
0x00007ffe1fee0000 - 0x00007ffe1ff6d000 	C:\Program Files\Android\Android Studio\jbr\bin\msvcp140.dll
0x00007ffdaf9e0000 - 0x00007ffdb059c000 	C:\Program Files\Android\Android Studio\jbr\bin\server\jvm.dll
0x00007ffe2be70000 - 0x00007ffe2bf1e000 	C:\Windows\System32\ADVAPI32.dll
0x00007ffe2c210000 - 0x00007ffe2c2ac000 	C:\Windows\System32\sechost.dll
0x00007ffe2dca0000 - 0x00007ffe2ddc5000 	C:\Windows\System32\RPCRT4.dll
0x00007ffe2dc90000 - 0x00007ffe2dc98000 	C:\Windows\System32\PSAPI.DLL
0x00007ffe20990000 - 0x00007ffe209b7000 	C:\Windows\SYSTEM32\WINMM.dll
0x00007ffe23670000 - 0x00007ffe2367a000 	C:\Windows\SYSTEM32\VERSION.dll
0x00007ffe15090000 - 0x00007ffe15099000 	C:\Windows\SYSTEM32\WSOCK32.dll
0x00007ffe2d620000 - 0x00007ffe2d68b000 	C:\Windows\System32\WS2_32.dll
0x00007ffe29420000 - 0x00007ffe29432000 	C:\Windows\SYSTEM32\kernel.appcore.dll
0x00007ffe25b70000 - 0x00007ffe25b80000 	C:\Program Files\Android\Android Studio\jbr\bin\verify.dll
0x00007ffe22840000 - 0x00007ffe22a24000 	C:\Windows\SYSTEM32\DBGHELP.DLL
0x00007ffe14f90000 - 0x00007ffe14fbc000 	C:\Windows\SYSTEM32\dbgcore.DLL
0x00007ffe2b770000 - 0x00007ffe2b7f2000 	C:\Windows\System32\bcryptPrimitives.dll
0x00007ffe25b20000 - 0x00007ffe25b48000 	C:\Program Files\Android\Android Studio\jbr\bin\java.dll
0x00007ffe25b60000 - 0x00007ffe25b6a000 	C:\Program Files\Android\Android Studio\jbr\bin\jimage.dll
0x00007ffe254d0000 - 0x00007ffe254e8000 	C:\Program Files\Android\Android Studio\jbr\bin\zip.dll

dbghelp: loaded successfully - version: 4.0.5 - missing functions: none
symbol engine: initialized successfully - sym options: 0x614 - pdb path: .;C:\Program Files\Android\Android Studio\jbr\bin;C:\Windows\SYSTEM32;C:\Windows\WinSxS\amd64_microsoft.windows.common-controls_6595b64144ccf1df_6.0.19041.1110_none_60b5254171f9507e;C:\Program Files\Android\Android Studio\jbr\bin\server

VM Arguments:
java_command: git4idea.http.GitAskPassApp Username for 'https://gitlab.com': 
java_class_path (initial): C:/Program Files/Android/Android Studio/plugins/git4idea/lib/git4idea-rt.jar;C:/Program Files/Android/Android Studio/lib/externalProcess-rt.jar;C:/Program Files/Android/Android Studio/lib/app.jar;C:/Program Files/Android/Android Studio/lib/3rd-party-rt.jar
Launcher Type: SUN_STANDARD

[Global flags]
     intx CICompilerCount                          = 4                                         {product} {ergonomic}
     uint ConcGCThreads                            = 3                                         {product} {ergonomic}
     uint G1ConcRefinementThreads                  = 10                                        {product} {ergonomic}
   size_t G1HeapRegionSize                         = 1048576                                   {product} {ergonomic}
    uintx GCDrainStackTargetSize                   = 64                                        {product} {ergonomic}
   size_t InitialHeapSize                          = 257949696                                 {product} {ergonomic}
   size_t MarkStackSize                            = 4194304                                   {product} {ergonomic}
   size_t MaxHeapSize                              = 4127195136                                {product} {ergonomic}
   size_t MinHeapDeltaBytes                        = 1048576                                   {product} {ergonomic}
    uintx NonNMethodCodeHeapSize                   = 5836300                                {pd product} {ergonomic}
    uintx NonProfiledCodeHeapSize                  = 122910970                              {pd product} {ergonomic}
    uintx ProfiledCodeHeapSize                     = 122910970                              {pd product} {ergonomic}
    uintx ReservedCodeCacheSize                    = 251658240                              {pd product} {ergonomic}
     bool SegmentedCodeCache                       = true                                      {product} {ergonomic}
     bool UseCompressedClassPointers               = true                                 {lp64_product} {ergonomic}
     bool UseCompressedOops                        = true                                 {lp64_product} {ergonomic}
     bool UseG1GC                                  = true                                      {product} {ergonomic}
     bool UseLargePagesIndividualAllocation        = false                                  {pd product} {ergonomic}

Logging:
Log output configuration:
 #0: stdout all=warning uptime,level,tags
 #1: stderr all=off uptime,level,tags

Environment Variables:
PATH=C:\Program Files\Git\mingw64\libexec\git-core;C:\Program Files\Git\mingw64\libexec\git-core;C:\Program Files\Git\mingw64\bin;C:\Program Files\Git\usr\bin;C:\Users\Admin\bin;C:\Program Files\Common Files\Oracle\Java\javapath;C:\Windows\system32;C:\Windows;C:\Windows\System32\Wbem;C:\Windows\System32\WindowsPowerShell\v1.0;C:\Windows\System32\OpenSSH;C:\Program Files (x86)\NVIDIA Corporation\PhysX\Common;C:\Program Files\Git\cmd;C:\Program Files (x86)\Microsoft SQL Server\150\DTS\Binn;C:\Program Files (x86)\Microsoft SQL Server\160\DTS\Binn;C:\Program Files\Azure Data Studio\bin;C:\Program Files\Microsoft SQL Server\Client SDK\ODBC\170\Tools\Binn;C:\Program Files (x86)\Microsoft SQL Server\150\Tools\Binn;C:\Program Files\Microsoft SQL Server\150\Tools\Binn;C:\Program Files\Microsoft SQL Server\150\DTS\Binn;C:\Program Files\nodejs;C:\Program Files\MySQL\MySQL Shell 8.0\bin;C:\Users\Admin\AppData\Local\Microsoft\WindowsApps;C:\Users\Admin\AppData\Local\Programs\Microsoft VS Code\bin;C:\Program Files\Azure Data Studio\bin;C:\Users\Admin\AppData\Roaming\npm
USERNAME=Admin
DISPLAY=:0.0
LC_ALL=en_US.UTF-8
OS=Windows_NT
PROCESSOR_IDENTIFIER=AMD64 Family 23 Model 96 Stepping 1, AuthenticAMD



---------------  S Y S T E M  ---------------

OS: Windows 10 , 64 bit Build 19041 (10.0.19041.1889)
OS uptime: 0 days 4:09 hours

CPU:total 12 (initial active 12) (12 cores per cpu, 2 threads per core) family 23 model 96 stepping 1 microcode 0x0, cmov, cx8, fxsr, mmx, sse, sse2, sse3, ssse3, sse4.1, sse4.2, popcnt, avx, avx2, aes, clmul, mmxext, 3dnowpref, lzcnt, sse4a, ht, tsc, tscinvbit, tscinv, bmi1, bmi2, adx, sha, fma

Memory: 4k page, system-wide physical 15741M (790M free)
TotalPageFile size 21885M (AvailPageFile size 108M)
current process WorkingSet (physical memory assigned to process): 10M, peak: 10M
current process commit charge ("private bytes"): 64M, peak: 310M

vm_info: OpenJDK 64-Bit Server VM (11.0.15+0-b2043.56-9505619) for windows-amd64 JRE (11.0.15+0-b2043.56-9505619), built on Jan 19 2023 02:48:00 by "builduser" with unknown MS VC++:1929

END.
